/var/lib/slurmd/job01804/slurm_script: line 12: module: command not found

username: george
$id$salt: $5$ab$
password hash: $5$ab$X6moXMBmKxEkH6XrCqHvFXTB.5WeyWWTVFqahh.BFRD

username: maria
$id$salt: $5$ab$
password hash: $5$ab$xhzLWNRyZfrtjyG6HBQ48t3KCK2j4qsqDRQMNGVn6A9

username: alice
$id$salt: $5$ab$
password hash: $5$ab$Uy4WKL6KBnQ.xNa5b7ZCbpKX2DPVRsKUa.ssXclDUfA

username: bob
$id$salt: $5$ab$
password hash: $5$ab$ay/R9ygZUsjXmksQvlpMzbdtYBjOUvlEVCj9IaM.cnB

username: despickler
$id$salt: $5$ab$
password hash: $5$ab$S0uPEMdp1nHs/MmB1XVeM1jqyEnhs4z9BZe.08jFlA7

username: richard
$id$salt: $5$ab$
password hash: $5$ab$rHFkI2ust2fsZNNEkYk2ImkYbTmovoMvdjlA9ozPdX4

username: rmshifler
$id$salt: $5$ab$
password hash: $5$ab$DhS5P8WyMpT9FTovr8UrllCCGAOJHAVH0549zC9TVv.

username: yxjing
$id$salt: $5$ab$
password hash: $5$ab$Te3DSDggFW3Ds0/Hq9SxxBQITs/opgC8.xuAl1fzxo9

username: jtanderson
$id$salt: $5$ab$
password hash: $5$ab$QmqcXXxcIt2UTSMrmw9cgz7eHpE4249XesQyoQePW79

username: bfpierce
$id$salt: $5$ab$
password hash: $5$ab$is9fvJL/y3aTsrTiNWu0biOZpa2xoFqfsstktXGM3V3

username: rmstallman
$id$salt: $5$ab$
password hash: $5$ab$eLAaVmRnryQpC5JcvxLyJxM7oXYcODXUa4KM10dw/s9
srun: Job step aborted: Waiting up to 32 seconds for job step to finish.
slurmstepd: error: *** JOB 1804 ON hpcl1-1 CANCELLED AT 2019-10-28T19:29:55 ***
slurmstepd: error: *** STEP 1804.0 ON hpcl1-1 CANCELLED AT 2019-10-28T19:29:56 ***
