/var/lib/slurmd/job01937/slurm_script: line 12: module: command not found

username: george
$id$salt: $1$ab$
password hash: $1$ab$tYl84YhDM6bmCOuCusTKS.

username: maria
$id$salt: $1$ab$
password hash: $1$ab$DC1ifnjzzu8Za5qEt96Kq0

username: alice
$id$salt: $1$ab$
password hash: $1$ab$DqPMoPPboZ2HTH7RfiqQs.

username: bob
$id$salt: $1$ab$
password hash: $1$ab$0I4CGceZU1wOu9PO3qn2p/

username: despickler
$id$salt: $1$ab$
password hash: $1$ab$FPyWVGc2x83IsQ7.q775k1

username: richard
$id$salt: $1$ab$
password hash: $1$ab$T/Cabrtf2TgOYXhZFlRct/

username: rmshifler
$id$salt: $1$ab$
password hash: $1$ab$/rOLL5LFn/3ZIa2TFnN4G.

username: yxjing
$id$salt: $1$ab$
password hash: $1$ab$N9t.xxEuc93HGa.twsZuP.

username: jtanderson
$id$salt: $1$ab$
password hash: $1$ab$Po1AuQSRCorWXHi8cIOhK/

username: bfpierce
$id$salt: $1$ab$
password hash: $1$ab$s2uqC2lMivvj9IX5PQ8KO/

username: rmstallman
$id$salt: $1$ab$
password hash: $1$ab$tThrUGNaCZBr224TYwxw2.
Found! bob's password is 9001fluffy
Found! bob's password is fluffy
Found! bob's password is 9002fluffy
Found! bob's password is fluffy
Found! bob's password is 9003fluffy
Found! bob's password is fluffy
Found! bob's password is 9004fluffy
Found! bob's password is fluffy
Found! bob's password is 9005fluffy
Found! bob's password is fluffy
Found! bob's password is 9006fluffy
Found! bob's password is fluffy
Found! bob's password is 9007fluffy
Found! bob's password is fluffy
Found! bob's password is 9008fluffy
Found! bob's password is fluffy
Found! bob's password is 9009fluffy
Found! bob's password is fluffy
Found! bob's password is 9010fluffy
Found! bob's password is fluffy
Found! bob's password is 9011fluffy
Found! bob's password is fluffy
Found! bob's password is 9012fluffy
Found! bob's password is fluffy
Found! bob's password is 9013fluffy
Found! bob's password is fluffy
Found! bob's password is 9014fluffy
Found! bob's password is fluffy
Found! bob's password is 9015fluffy
Found! bob's password is fluffy
Found! bob's password is 9016fluffy
Found! bob's password is fluffy
Found! bob's password is 9017fluffy
Found! bob's password is fluffy
Found! bob's password is 9018fluffy
Found! bob's password is fluffy
Found! bob's password is 9019fluffy
Found! bob's password is fluffy
Found! bob's password is 9020fluffy
Found! bob's password is fluffy
Found! bob's password is 9021fluffy
Found! bob's password is fluffy
Found! bob's password is 9022fluffy
Found! bob's password is fluffy
Found! bob's password is 9023fluffy
Found! bob's password is fluffy
Found! bob's password is 9024fluffy
Found! bob's password is fluffy
Found! bob's password is 9025fluffy
Found! bob's password is fluffy
Found! bob's password is 9026fluffy
Found! bob's password is fluffy
Found! bob's password is 9027fluffy
Found! bob's password is fluffy
Found! bob's password is 9028fluffy
Found! bob's password is fluffy
Found! bob's password is 9029fluffy
Found! bob's password is fluffy
Found! bob's password is 9030fluffy
Found! bob's password is fluffy
Found! bob's password is 9031fluffy
Found! bob's password is fluffy
Found! bob's password is 9032fluffy
Found! bob's password is fluffy
Found! bob's password is 9033fluffy
Found! bob's password is fluffy
Found! bob's password is 9034fluffy
Found! bob's password is fluffy
Found! bob's password is 9035fluffy
Found! bob's password is fluffy
Found! bob's password is 9036fluffy
Found! bob's password is fluffy
Found! bob's password is 9037fluffy
Found! bob's password is fluffy
Found! bob's password is 9038fluffy
Found! bob's password is fluffy
Found! bob's password is 9039fluffy
Found! bob's password is fluffy
Found! bob's password is 9040fluffy
Found! bob's password is fluffy
Found! bob's password is 9041fluffy
Found! bob's password is fluffy
Found! bob's password is 9042fluffy
Found! bob's password is fluffy
Found! bob's password is 9043fluffy
Found! bob's password is fluffy
Found! bob's password is 9044fluffy
Found! bob's password is fluffy
Found! bob's password is 9045fluffy
Found! bob's password is fluffy
Found! bob's password is 9046fluffy
Found! bob's password is fluffy
Found! bob's password is 9047fluffy
Found! bob's password is fluffy
Found! bob's password is 9048fluffy
Found! bob's password is fluffy
Found! bob's password is 9049fluffy
Found! bob's password is fluffy
Found! bob's password is 9050fluffy
Found! bob's password is fluffy
Found! bob's password is 9051fluffy
Found! bob's password is fluffy
Found! bob's password is 9052fluffy
Found! bob's password is fluffy
Found! bob's password is 9053fluffy
Found! bob's password is fluffy
Found! bob's password is 9054fluffy
Found! bob's password is fluffy
Found! bob's password is 9055fluffy
Found! bob's password is fluffy
Found! bob's password is 9056fluffy
Found! bob's password is fluffy
Found! bob's password is 9057fluffy
Found! bob's password is fluffy
Found! bob's password is 9058fluffy
Found! bob's password is fluffy
Found! bob's password is 9059fluffy
Found! bob's password is fluffy
Found! bob's password is 9060fluffy
Found! bob's password is fluffy
Found! bob's password is 9061fluffy
Found! bob's password is fluffy
Found! bob's password is 9062fluffy
Found! bob's password is fluffy
Found! bob's password is 9063fluffy
Found! bob's password is fluffy
Found! bob's password is 9064fluffy
Found! bob's password is fluffy
Found! bob's password is 9065fluffy
Found! bob's password is fluffy
Found! bob's password is 9066fluffy
Found! bob's password is fluffy
Found! bob's password is 9067fluffy
Found! bob's password is fluffy
Found! bob's password is 9068fluffy
Found! bob's password is fluffy
Found! bob's password is 9069fluffy
Found! bob's password is fluffy
Found! bob's password is 9070fluffy
Found! bob's password is fluffy
Found! bob's password is 9071fluffy
Found! bob's password is fluffy
Found! bob's password is 9072fluffy
Found! bob's password is fluffy
Found! bob's password is 9073fluffy
Found! bob's password is fluffy
Found! bob's password is 9074fluffy
Found! bob's password is fluffy
Found! bob's password is 9075fluffy
Found! bob's password is fluffy
Found! bob's password is 9076fluffy
Found! bob's password is fluffy
Found! bob's password is 9077fluffy
Found! bob's password is fluffy
Found! bob's password is 9078fluffy
Found! bob's password is fluffy
Found! bob's password is 9079fluffy
Found! bob's password is fluffy
Found! bob's password is 9080fluffy
Found! bob's password is fluffy
Found! bob's password is 9081fluffy
Found! bob's password is fluffy
Found! bob's password is 9082fluffy
Found! bob's password is fluffy
Found! bob's password is 9083fluffy
Found! bob's password is fluffy
Found! bob's password is 9084fluffy
Found! bob's password is fluffy
Found! bob's password is 9085fluffy
Found! bob's password is fluffy
Found! bob's password is 9086fluffy
Found! bob's password is fluffy
Found! bob's password is 9087fluffy
Found! bob's password is fluffy
Found! bob's password is 9088fluffy
Found! bob's password is fluffy
Found! bob's password is 9089fluffy
Found! bob's password is fluffy
Found! bob's password is 9090fluffy
Found! bob's password is fluffy
Found! bob's password is 9091fluffy
Found! bob's password is fluffy
Found! bob's password is 9092fluffy
Found! bob's password is fluffy
Found! bob's password is 9093fluffy
Found! bob's password is fluffy
Found! bob's password is 9094fluffy
Found! bob's password is fluffy
Found! bob's password is 9095fluffy
Found! bob's password is fluffy
Found! bob's password is 9096fluffy
Found! bob's password is fluffy
Found! bob's password is 9097fluffy
Found! bob's password is fluffy
Found! bob's password is 9098fluffy
Found! bob's password is fluffy
Found! bob's password is 9099fluffy
Found! bob's password is fluffy
Found! bob's password is 9100fluffy
Found! bob's password is fluffy
Found! bob's password is 9101fluffy
Found! bob's password is fluffy
Found! bob's password is 9102fluffy
Found! bob's password is fluffy
Found! bob's password is 9103fluffy
Found! bob's password is fluffy
Found! bob's password is 9104fluffy
Found! bob's password is fluffy
Found! bob's password is 9105fluffy
Found! bob's password is fluffy
Found! bob's password is 9106fluffy
Found! bob's password is fluffy
Found! bob's password is 9107fluffy
Found! bob's password is fluffy
Found! bob's password is 9108fluffy
Found! bob's password is fluffy
Found! bob's password is 9109fluffy
Found! bob's password is fluffy
Found! bob's password is 9110fluffy
Found! bob's password is fluffy
Found! bob's password is 9111fluffy
Found! bob's password is fluffy
Found! bob's password is 9112fluffy
Found! bob's password is fluffy
Found! bob's password is 9113fluffy
Found! bob's password is fluffy
Found! bob's password is 9114fluffy
Found! bob's password is fluffy
Found! bob's password is 9115fluffy
Found! bob's password is fluffy
Found! bob's password is 9116fluffy
Found! bob's password is fluffy
Found! bob's password is 9117fluffy
Found! bob's password is fluffy
Found! bob's password is 9118fluffy
Found! bob's password is fluffy
Found! bob's password is 9119fluffy
Found! bob's password is fluffy
Found! bob's password is 9120fluffy
Found! bob's password is fluffy
Found! bob's password is 9121fluffy
Found! bob's password is fluffy
Found! bob's password is 9122fluffy
Found! bob's password is fluffy
Found! bob's password is 9123fluffy
Found! bob's password is fluffy
Found! bob's password is 9124fluffy
Found! bob's password is fluffy
Found! bob's password is 9125fluffy
Found! bob's password is fluffy
Found! bob's password is 9126fluffy
Found! bob's password is fluffy
Found! bob's password is 9127fluffy
Found! bob's password is fluffy
Found! bob's password is 9128fluffy
Found! bob's password is fluffy
Found! bob's password is 9129fluffy
Found! bob's password is fluffy
Found! bob's password is 9130fluffy
Found! bob's password is fluffy
Found! bob's password is 9131fluffy
Found! bob's password is fluffy
Found! bob's password is 9132fluffy
Found! bob's password is fluffy
Found! bob's password is 9133fluffy
Found! bob's password is fluffy
Found! bob's password is 9134fluffy
Found! bob's password is fluffy
Found! bob's password is 9135fluffy
Found! bob's password is fluffy
Found! bob's password is 9136fluffy
Found! bob's password is fluffy
Found! bob's password is 9137fluffy
Found! bob's password is fluffy
Found! bob's password is 9138fluffy
Found! bob's password is fluffy
Found! bob's password is 9139fluffy
Found! bob's password is fluffy
Found! bob's password is 9140fluffy
Found! bob's password is fluffy
Found! bob's password is 9141fluffy
Found! bob's password is fluffy
Found! bob's password is 9142fluffy
Found! bob's password is fluffy
Found! bob's password is 9143fluffy
Found! bob's password is fluffy
Found! bob's password is 9144fluffy
Found! bob's password is fluffy
Found! bob's password is 9145fluffy
Found! bob's password is fluffy
slurmstepd: error: *** JOB 1937 ON hpcl2-6 CANCELLED AT 2019-10-31T01:50:29 ***
slurmstepd: error: *** STEP 1937.0 ON hpcl2-6 CANCELLED AT 2019-10-31T01:50:29 ***
srun: Job step aborted: Waiting up to 32 seconds for job step to finish.
