
username: george
$id$salt: $1$ab$
password hash: $1$ab$tYl84YhDM6bmCOuCusTKS.

username: maria
$id$salt: $1$ab$
password hash: $1$ab$DC1ifnjzzu8Za5qEt96Kq0

username: alice
$id$salt: $1$ab$
password hash: $1$ab$DqPMoPPboZ2HTH7RfiqQs.

username: bob
$id$salt: $1$ab$
password hash: $1$ab$0I4CGceZU1wOu9PO3qn2p/

username: despicklermpicc -o decrypt decrypt.c -lm -lcrypt
$id$salt: $1$ab$
password hash: $1$ab$FPyWVGc2x83IsQ7.q775k1

username: richard
$id$salt: $1$ab$
password hash: $1$ab$T/Cabrtf2TgOYXhZFlRct/

username: rmshifler
$id$salt: $1$ab$
password hash: $1$ab$/rOLL5LFn/3ZIa2TFnN4G.

username: yxjing
$id$salt: $1$ab$
password hash: $1$ab$N9t.xxEuc93HGa.twsZuP.

username: jtanderson
$id$salt: $1$ab$
password hash: $1$ab$Po1AuQSRCorWXHi8cIOhK/

username: bfpierce
$id$salt: $1$ab$
password hash: $1$ab$s2uqC2lMivvj9IX5PQ8KO/

username: rmstallman
$id$salt: $1$ab$
password hash: $1$ab$tThrUGNaCZBr224TYwxw2.
Found! bob's password is fluffy
hash: $1$ab$0I4CGceZU1wOu9PO3qn2p/
Found! bob's password is fluffy
hash: $1$ab$0I4CGceZU1wOu9PO3qn2p/
Found! rmshifler's password is 1genius
hash: $1$ab$/rOLL5LFn/3ZIa2TFnN4G.
Found! maria's password is password123
hash: $1$ab$DC1ifnjzzu8Za5qEt96Kq0
Found! george's password is red32
hash: $1$ab$tYl84YhDM6bmCOuCusTKS.
Found! jtanderson's password is 100nodes
hash: $1$ab$Po1AuQSRCorWXHi8cIOhK/
Found! rmshifler's password is 1genius
hash: $1$ab$/rOLL5LFn/3ZIa2TFnN4G.
Found! george's password is red32
hash: $1$ab$tYl84YhDM6bmCOuCusTKS.
Found! maria's password is password123
hash: $1$ab$DC1ifnjzzu8Za5qEt96Kq0
Found! alice's password is 99puppy
hash: $1$ab$DqPMoPPboZ2HTH7RfiqQs.
mpirun ./decrypt  0.02s user 0.04s system 0% cpu 6:10:27.86 total
